0 info it worked if it ends with ok
1 verbose cli [ 'node',
1 verbose cli   'C:\\Users\\Paul\\AppData\\Roaming\\npm\\node_modules\\npm\\bin\\npm-cli.js',
1 verbose cli   'start' ]
2 info using npm@2.3.0
3 info using node@v0.10.36
4 verbose run-script [ 'prestart', 'start', 'poststart' ]
5 info prestart alt-react-router-example@1.0.0
6 info start alt-react-router-example@1.0.0
7 verbose unsafe-perm in lifecycle true
8 info alt-react-router-example@1.0.0 Failed to exec start script
9 verbose stack Error: alt-react-router-example@1.0.0 start: `gulp liveserver`
9 verbose stack Exit status 8
9 verbose stack     at EventEmitter.<anonymous> (C:\Users\Paul\AppData\Roaming\npm\node_modules\npm\lib\utils\lifecycle.js:213:16)
9 verbose stack     at EventEmitter.emit (events.js:98:17)
9 verbose stack     at ChildProcess.<anonymous> (C:\Users\Paul\AppData\Roaming\npm\node_modules\npm\lib\utils\spawn.js:14:12)
9 verbose stack     at ChildProcess.emit (events.js:98:17)
9 verbose stack     at maybeClose (child_process.js:766:16)
9 verbose stack     at Process.ChildProcess._handle.onexit (child_process.js:833:5)
10 verbose pkgid alt-react-router-example@1.0.0
11 verbose cwd D:\Dev\Flux\simple-alt
12 error Windows_NT 6.2.9200
13 error argv "node" "C:\\Users\\Paul\\AppData\\Roaming\\npm\\node_modules\\npm\\bin\\npm-cli.js" "start"
14 error node v0.10.36
15 error npm  v2.3.0
16 error code ELIFECYCLE
17 error alt-react-router-example@1.0.0 start: `gulp liveserver`
17 error Exit status 8
18 error Failed at the alt-react-router-example@1.0.0 start script 'gulp liveserver'.
18 error This is most likely a problem with the alt-react-router-example package,
18 error not with npm itself.
18 error Tell the author that this fails on your system:
18 error     gulp liveserver
18 error You can get their info via:
18 error     npm owner ls alt-react-router-example
18 error There is likely additional logging output above.
19 verbose exit [ 1, true ]
